<?xml version="1.0" encoding="UTF-8"?>
<testng-results ignored="0" total="1" passed="1" failed="0" skipped="0">
  <reporter-output>
  </reporter-output>
  <suite started-at="2018-12-29T17:18:47Z" name="Suite" finished-at="2018-12-29T17:18:52Z" duration-ms="4992">
    <groups>
    </groups>
    <test started-at="2018-12-29T17:18:47Z" name="Test" finished-at="2018-12-29T17:18:52Z" duration-ms="4992">
      <class name="BaseClass">
        <test-method signature="Jorge()[pri:0, instance:BaseClass@7c1e2a9e]" started-at="2018-12-29T17:18:47Z" name="Jorge" finished-at="2018-12-29T17:18:52Z" duration-ms="4961" status="PASS">
          <reporter-output>
          </reporter-output>
        </test-method> <!-- Jorge -->
      </class> <!-- BaseClass -->
    </test> <!-- Test -->
  </suite> <!-- Suite -->
</testng-results>
