<?xml version="1.0" encoding="UTF-8"?>
<testng-results ignored="0" total="1" passed="1" failed="0" skipped="0">
  <reporter-output>
  </reporter-output>
  <suite started-at="2018-12-29T16:55:42Z" name="Default suite" finished-at="2018-12-29T16:55:47Z" duration-ms="4892">
    <groups>
    </groups>
    <test started-at="2018-12-29T16:55:42Z" name="Default test" finished-at="2018-12-29T16:55:47Z" duration-ms="4892">
      <class name="BaseClass">
        <test-method signature="Jorge()[pri:0, instance:BaseClass@6fd83fc1]" started-at="2018-12-29T16:55:42Z" name="Jorge" finished-at="2018-12-29T16:55:47Z" duration-ms="4861" status="PASS">
          <reporter-output>
          </reporter-output>
        </test-method> <!-- Jorge -->
      </class> <!-- BaseClass -->
    </test> <!-- Default test -->
  </suite> <!-- Default suite -->
</testng-results>
